<?xml version="1.0" encoding="UTF-8"?>
<!-- Generated by org.testng.reporters.JUnitReportReporter -->
<testsuite hostname="DESKTOP-VPMD432" failures="0" tests="1" name="testCases.TC002_LoginTest" time="37.895" errors="0" timestamp="2025-07-21T17:00:20 IST" skipped="0">
  <testcase classname="testCases.TC002_LoginTest" name="verify_login" time="37.895"/>
</testsuite> <!-- testCases.TC002_LoginTest -->
