<?xml version="1.0" encoding="UTF-8"?>
<!-- Generated by org.testng.reporters.JUnitReportReporter -->
<testsuite hostname="DESKTOP-VPMD432" failures="0" tests="1" name="testCases.TC001_AccountRegistationTest" time="150.135" errors="0" timestamp="2025-07-17T15:18:08 IST" skipped="0">
  <testcase classname="testCases.TC001_AccountRegistationTest" name="verify_account_registration" time="150.135"/>
</testsuite> <!-- testCases.TC001_AccountRegistationTest -->
