<?xml version="1.0" encoding="UTF-8"?>
<!-- Generated by org.testng.reporters.JUnitReportReporter -->
<testsuite hostname="DESKTOP-VPMD432" failures="0" tests="1" name="testCases.TC001_AccountRegistationTest" time="19.552" errors="0" timestamp="2025-07-16T14:47:26 IST" skipped="0">
  <testcase classname="testCases.TC001_AccountRegistationTest" name="verify_account_registration" time="19.552"/>
</testsuite> <!-- testCases.TC001_AccountRegistationTest -->
